ANSI-C/cC++ Compiler for HC08 V-5.0.17, Apr 22 2003

    1:  /*
    2:  ** ###################################################################
    3:  **
    4:  **     THIS BEAN MODULE IS GENERATED BY THE TOOL. DO NOT MODIFY IT.
    5:  **
    6:  **     Filename  : Cpu.C
    7:  **
    8:  **     Project   : itext_gp32
    9:  ** 
   10:  **     Processor : MC68HC908GP32CFB
   11:  **
   12:  **     Beantype  : MC68HC908GP32_44
   13:  **
   14:  **     Version   : Bean 01.065, Driver 01.17.04, CPU db: 2.89.000
   15:  **
   16:  **     Compiler  : Metrowerks HC08 C Compiler
   17:  **
   18:  **     Date/Time : 1/9/lunes, 19:46
   19:  **
   20:  **     Abstract  :
   21:  **
   22:  **         This bean "MC68HC908GP32_44" implements properties, methods,
   23:  **         and events of the CPU.
   24:  **
   25:  **     Settings  :
   26:  **
   27:  **         Clock setting
   28:  **             External clock      : 0.032768 MHz
   29:  **             CPU mode selection  : User mode
   30:  **             Initialization interrupt priority : 1
   31:  **             LVI module          : no
   32:  **
   33:  **         Speed modes
   34:  **             High speed clock    : Main clock frequency / 1
   35:  **             Internal bus clock  : 2.4576 MHz
   36:  **             Low speed mode      : Disabled
   37:  **             Slow speed mode     : Disabled
   38:  **
   39:  **     Contents  :
   40:  **
   41:  **         GetSpeedMode - byte Cpu_GetSpeedMode(void);
   42:  **         EnableInt    - void Cpu_EnableInt(void);
   43:  **         DisableInt   - void Cpu_DisableInt(void);
   44:  **
   45:  **
   46:  **     (c) Copyright UNIS, spol. s r.o. 1997-2002
   47:  **
   48:  **     UNIS, spol. s r.o.
   49:  **     Jundrovska 33
   50:  **     624 00 Brno
   51:  **     Czech Republic
   52:  **
   53:  **     http      : www.processorexpert.com
   54:  **     mail      : info@processorexpert.com
   55:  **
   56:  ** ###################################################################
   57:  */
   58:  
   59:  /* MODULE Cpu. */
   60:  
   61:  #include "PE_Types.h"
   62:  #include "PE_Error.h"
   63:  #include "PE_Const.h"
   64:  #include "IO_Map.h"
   65:  #include "Events.h"
   66:  #include "Cpu.h"
   67:  
   68:  #define CGM_DELAY  255
   69:  
   70:  
   71:  /* Global variables */
   72:  volatile byte CCR_reg;                 /* Current CCR register */
   73:  byte CpuMode = HIGH_SPEED;             /* Current speed mode */
   74:  
   75:  
   76:  /*
   77:  ** ===================================================================
   78:  **     Method      :  Cpu_Interrupt (bean MC68HC908GP32_44)
   79:  **
   80:  **     Description :
   81:  **         This method is internal. It is used by Processor Expert
   82:  **         only.
   83:  ** ===================================================================
   84:  */
   85:  __interrupt void Cpu_Interrupt(void)
   86:  {

Function: Cpu_Interrupt
Source  : Z:\itext\itext_gp32\Code\Cpu.C
Options : -Env"GENPATH=Z:\itext\itext_gp32;Z:\itext\itext_gp32\bin;Z:\itext\itext_gp32\prm;Z:\itext\itext_gp32\cmd;Z:\itext\itext_gp32\Sources;D:\Archivos de programa\Metrowerks\CodeWarrior CW08_V3.0\lib\HC08c\LIB;D:\Archivos de programa\Metrowerks\CodeWarrior CW08_V3.0\lib\HC08c\SRC;Z:\itext\itext_gp32\Code;Z:\itext\itext_gp32\doc;D:\Archivos de programa\Metrowerks\CodeWarrior CW08_V3.0\lib\hc08c\include;D:\Archivos de programa\Metrowerks\CodeWarrior CW08_V3.0\Bin\Plugins\support\ProcessorExpert\PESL\HC08;D:\Archivos de programa\Metrowerks\CodeWarrior CW08_V3.0\Bin\Plugins\support\ProcessorExpert;D:\Archivos de programa\Metrowerks\CodeWarrior CW08_V3.0\lib\HC08c\INCLUDE" -Env"LIBPATH=D:\Archivos de programa\Metrowerks\CodeWarrior CW08_V3.0\lib\HC08c\INCLUDE" -EnvOBJPATH=Z:\itext\itext_gp32\bin -EnvTEXTPATH=Z:\itext\itext_gp32\bin -Lasm=%n.lst -Ms -ObjN=Z:\itext\itext_gp32\itext-gp32_Data\P&E_FCS\ObjectCode\Cpu.C.o -WmsgSd1106

   87:  }
  0000 80               RTI   
   88:  
   89:  /*
   90:  ** ===================================================================
   91:  **     Method      :  Cpu_SWIInterrupt (bean MC68HC908GP32_44)
   92:  **
   93:  **     Description :
   94:  **         This method is internal. It is used by Processor Expert
   95:  **         only.
   96:  ** ===================================================================
   97:  */
   98:  __interrupt void Cpu_SWIInterrupt(void)
   99:  {

Function: Cpu_SWIInterrupt
Source  : Z:\itext\itext_gp32\Code\Cpu.C
Options : -Env"GENPATH=Z:\itext\itext_gp32;Z:\itext\itext_gp32\bin;Z:\itext\itext_gp32\prm;Z:\itext\itext_gp32\cmd;Z:\itext\itext_gp32\Sources;D:\Archivos de programa\Metrowerks\CodeWarrior CW08_V3.0\lib\HC08c\LIB;D:\Archivos de programa\Metrowerks\CodeWarrior CW08_V3.0\lib\HC08c\SRC;Z:\itext\itext_gp32\Code;Z:\itext\itext_gp32\doc;D:\Archivos de programa\Metrowerks\CodeWarrior CW08_V3.0\lib\hc08c\include;D:\Archivos de programa\Metrowerks\CodeWarrior CW08_V3.0\Bin\Plugins\support\ProcessorExpert\PESL\HC08;D:\Archivos de programa\Metrowerks\CodeWarrior CW08_V3.0\Bin\Plugins\support\ProcessorExpert;D:\Archivos de programa\Metrowerks\CodeWarrior CW08_V3.0\lib\HC08c\INCLUDE" -Env"LIBPATH=D:\Archivos de programa\Metrowerks\CodeWarrior CW08_V3.0\lib\HC08c\INCLUDE" -EnvOBJPATH=Z:\itext\itext_gp32\bin -EnvTEXTPATH=Z:\itext\itext_gp32\bin -Lasm=%n.lst -Ms -ObjN=Z:\itext\itext_gp32\itext-gp32_Data\P&E_FCS\ObjectCode\Cpu.C.o -WmsgSd1106

  0000 8b               PSHH  
  100:    Cpu_OnSwINT();                       /* Invoke user event */
  0001 cd0000           JSR   Cpu_OnSwINT
  101:  }
  0004 8a               PULH  
  0005 80               RTI   
  102:  
  103:  /*
  104:  ** ===================================================================
  105:  **     Method      :  Cpu_DisableInt (bean MC68HC908GP32_44)
  106:  **
  107:  **     Description :
  108:  **         Disable maskable interrupts
  109:  **     Parameters  : None
  110:  **     Returns     : Nothing
  111:  ** ===================================================================
  112:  */
  113:  /*
  114:  void Cpu_DisableInt(void)
  115:  
  116:  **      This method is implemented as macro in the header module. **
  117:  */
  118:  
  119:  /*
  120:  ** ===================================================================
  121:  **     Method      :  Cpu_EnableInt (bean MC68HC908GP32_44)
  122:  **
  123:  **     Description :
  124:  **         Enable maskable interrupts
  125:  **     Parameters  : None
  126:  **     Returns     : Nothing
  127:  ** ===================================================================
  128:  */
  129:  /*
  130:  void Cpu_EnableInt(void)
  131:  
  132:  **      This method is implemented as macro in the header module. **
  133:  */
  134:  
  135:  /*
  136:  ** ===================================================================
  137:  **     Method      :  Cpu_GetSpeedMode (bean MC68HC908GP32_44)
  138:  **
  139:  **     Description :
  140:  **         Get current speed mode
  141:  **     Parameters  : None
  142:  **     Returns     :
  143:  **         ---             - Speed mode (HIGH_SPEED, LOW_SPEED,
  144:  **                           SLOW_SPEED)
  145:  ** ===================================================================
  146:  */
  147:  byte Cpu_GetSpeedMode(void)
  148:  {

Function: Cpu_GetSpeedMode
Source  : Z:\itext\itext_gp32\Code\Cpu.C
Options : -Env"GENPATH=Z:\itext\itext_gp32;Z:\itext\itext_gp32\bin;Z:\itext\itext_gp32\prm;Z:\itext\itext_gp32\cmd;Z:\itext\itext_gp32\Sources;D:\Archivos de programa\Metrowerks\CodeWarrior CW08_V3.0\lib\HC08c\LIB;D:\Archivos de programa\Metrowerks\CodeWarrior CW08_V3.0\lib\HC08c\SRC;Z:\itext\itext_gp32\Code;Z:\itext\itext_gp32\doc;D:\Archivos de programa\Metrowerks\CodeWarrior CW08_V3.0\lib\hc08c\include;D:\Archivos de programa\Metrowerks\CodeWarrior CW08_V3.0\Bin\Plugins\support\ProcessorExpert\PESL\HC08;D:\Archivos de programa\Metrowerks\CodeWarrior CW08_V3.0\Bin\Plugins\support\ProcessorExpert;D:\Archivos de programa\Metrowerks\CodeWarrior CW08_V3.0\lib\HC08c\INCLUDE" -Env"LIBPATH=D:\Archivos de programa\Metrowerks\CodeWarrior CW08_V3.0\lib\HC08c\INCLUDE" -EnvOBJPATH=Z:\itext\itext_gp32\bin -EnvTEXTPATH=Z:\itext\itext_gp32\bin -Lasm=%n.lst -Ms -ObjN=Z:\itext\itext_gp32\itext-gp32_Data\P&E_FCS\ObjectCode\Cpu.C.o -WmsgSd1106

  149:    return CpuMode;                      /* Result the actual cpu mode */
  0000 c60000           LDA   CpuMode
  150:  }
  0003 81               RTS   
  151:  
  152:  
  153:  
  154:  /*
  155:  ** ===================================================================
  156:  **     Method      :  _EntryPoint (bean MC68HC908GP32_44)
  157:  **
  158:  **     Description :
  159:  **         This method is internal. It is used by Processor Expert
  160:  **         only.
  161:  ** ===================================================================
  162:  */
  163:  extern void _Startup(void);            /* Forward declaration of external startup function declared in file Start12.c */
  164:  #pragma NO_FRAME
  165:  #pragma NO_EXIT
  166:  void _EntryPoint(void)
  167:  {

Function: _EntryPoint
Source  : Z:\itext\itext_gp32\Code\Cpu.C
Options : -Env"GENPATH=Z:\itext\itext_gp32;Z:\itext\itext_gp32\bin;Z:\itext\itext_gp32\prm;Z:\itext\itext_gp32\cmd;Z:\itext\itext_gp32\Sources;D:\Archivos de programa\Metrowerks\CodeWarrior CW08_V3.0\lib\HC08c\LIB;D:\Archivos de programa\Metrowerks\CodeWarrior CW08_V3.0\lib\HC08c\SRC;Z:\itext\itext_gp32\Code;Z:\itext\itext_gp32\doc;D:\Archivos de programa\Metrowerks\CodeWarrior CW08_V3.0\lib\hc08c\include;D:\Archivos de programa\Metrowerks\CodeWarrior CW08_V3.0\Bin\Plugins\support\ProcessorExpert\PESL\HC08;D:\Archivos de programa\Metrowerks\CodeWarrior CW08_V3.0\Bin\Plugins\support\ProcessorExpert;D:\Archivos de programa\Metrowerks\CodeWarrior CW08_V3.0\lib\HC08c\INCLUDE" -Env"LIBPATH=D:\Archivos de programa\Metrowerks\CodeWarrior CW08_V3.0\lib\HC08c\INCLUDE" -EnvOBJPATH=Z:\itext\itext_gp32\bin -EnvTEXTPATH=Z:\itext\itext_gp32\bin -Lasm=%n.lst -Ms -ObjN=Z:\itext\itext_gp32\itext-gp32_Data\P&E_FCS\ObjectCode\Cpu.C.o -WmsgSd1106

  168:    /*** ### MC68HC908GP32_44 "Cpu" init code ... ***/
  169:    /*** PE initialization code after reset ***/
  170:    /* System clock initialization */
  171:    /* CONFIG1: COPRS=0,LVISTOP=0,LVIRSTD=0,LVIPWRD=1,LVI5OR3=0,SSREC=0,STOP=0,COPD=1 */
  172:    CONFIG1 = 17;                        /* Set the CONFIG1 register */
  0000 6e1100           MOV   #17,_CONFIG1
  173:    /* CONFIG2: ??=0,??=0,??=0,??=0,??=0,??=0,OSCSTOPENB=0,SCIBDSRC=0 */
  174:    CONFIG2 = 0;                         /* Set the CONFIG2 register */
  0003 3f00             CLR   _CONFIG2
  175:    PCTL_BCS = 0;                        /* Select clock source from XTAL */
  0005 1900             BCLR  4,_PCTL
  176:    PCTL_PLLON = 0;                      /* Disable the PLL */
  0007 1b00             BCLR  5,_PCTL
  177:    PMS = 300;                           /* Set the multiplier */
  0009 45012c           LDHX  #300
  000c 3500             STHX  _PMS
  178:    PMRS = 128;                          /* Set the range select */
  000e 6e8000           MOV   #-128,_PMRS
  179:    PCTL = 0;
  0011 3f00             CLR   _PCTL
  180:    PCTL_VPR = 1;
  0013 b600             LDA   _PCTL
  0015 a4fc             AND   #-4
  0017 aa01             ORA   #1
  0019 b700             STA   _PCTL
  181:    PBWC = 160;                          /* Select the operating modes */
  001b 6ea000           MOV   #-96,_PBWC
  182:    PCTL_PLLON = 1;                      /* Enable the PLL */
  001e 1a00             BSET  5,_PCTL
  0020          L20:    
  183:    while(!PBWC_LOCK);                   /* Wait */
  0020 0d00fd           BRCLR 6,_PBWC,L20 ;abs = 0020
  184:    PCTL_BCS = 1;                        /* Select clock source from PLL */
  0023 1800             BSET  4,_PCTL
  185:    __asm("nop");
  0025 9d               NOP   
  186:    __asm("nop");
  0026 9d               NOP   
  187:    /*** End of PE initialization code after reset ***/
  188:  
  189:    __asm   jmp _Startup ;               /* Jump to C startup code */
  0027 cc0000           JMP   _Startup
  190:  
  191:  }
  192:  
  193:  /*
  194:  ** ===================================================================
  195:  **     Method      :  PE_low_level_init (bean MC68HC908GP32_44)
  196:  **
  197:  **     Description :
  198:  **         This method is internal. It is used by Processor Expert
  199:  **         only.
  200:  ** ===================================================================
  201:  */
  202:  void PE_low_level_init(void)
  203:  {

Function: PE_low_level_init
Source  : Z:\itext\itext_gp32\Code\Cpu.C
Options : -Env"GENPATH=Z:\itext\itext_gp32;Z:\itext\itext_gp32\bin;Z:\itext\itext_gp32\prm;Z:\itext\itext_gp32\cmd;Z:\itext\itext_gp32\Sources;D:\Archivos de programa\Metrowerks\CodeWarrior CW08_V3.0\lib\HC08c\LIB;D:\Archivos de programa\Metrowerks\CodeWarrior CW08_V3.0\lib\HC08c\SRC;Z:\itext\itext_gp32\Code;Z:\itext\itext_gp32\doc;D:\Archivos de programa\Metrowerks\CodeWarrior CW08_V3.0\lib\hc08c\include;D:\Archivos de programa\Metrowerks\CodeWarrior CW08_V3.0\Bin\Plugins\support\ProcessorExpert\PESL\HC08;D:\Archivos de programa\Metrowerks\CodeWarrior CW08_V3.0\Bin\Plugins\support\ProcessorExpert;D:\Archivos de programa\Metrowerks\CodeWarrior CW08_V3.0\lib\HC08c\INCLUDE" -Env"LIBPATH=D:\Archivos de programa\Metrowerks\CodeWarrior CW08_V3.0\lib\HC08c\INCLUDE" -EnvOBJPATH=Z:\itext\itext_gp32\bin -EnvTEXTPATH=Z:\itext\itext_gp32\bin -Lasm=%n.lst -Ms -ObjN=Z:\itext\itext_gp32\itext-gp32_Data\P&E_FCS\ObjectCode\Cpu.C.o -WmsgSd1106

  204:    /* ### MC68HC908GP32_44 "Cpu" init code ... */
  205:    __EI();                              /* Enable interrupts */
  0000 9a               CLI   
  206:  }
  0001 81               RTS   
  207:  
  208:  /* END Cpu. */
  209:  
  210:  /*
  211:  ** ###################################################################
  212:  **
  213:  **     This file was created by UNIS Processor Expert 03.23 for 
  214:  **     the Motorola HC08 series of microcontrollers.
  215:  **
  216:  ** ###################################################################
  217:  */
  218:  
