ANSI-C/cC++ Compiler for HC08 V-5.0.17, Apr 22 2003

    1:  /*
    2:  ** ###################################################################
    3:  **
    4:  **     THIS BEAN MODULE IS GENERATED BY THE TOOL. DO NOT MODIFY IT.
    5:  **
    6:  **     Filename  : OSD_LD.C
    7:  **
    8:  **     Project   : itext_gp32
    9:  ** 
   10:  **     Processor : MC68HC908GP32CFB
   11:  **
   12:  **     Beantype  : BitIO
   13:  **
   14:  **     Version   : Bean 02.021, Driver 02.15, CPU db: 2.89.000
   15:  **
   16:  **     Compiler  : Metrowerks HC08 C Compiler
   17:  **
   18:  **     Date/Time : 19/01/2007, 17:12
   19:  **
   20:  **     Abstract  :
   21:  **
   22:  **         This bean "BitIO" implements an one-bit input/output.
   23:  **         It uses one bit/pin of a port.
   24:  **         Note: This bean is set to work in Output direction only.
   25:  **         Methods of this bean are mostly implemented as a macros 
   26:  **         (if supported by target language and compiler).
   27:  **
   28:  **     Settings  :
   29:  **
   30:  **         Used pin                    : 
   31:  **             ----------------------------------------------------
   32:  **                Number (on package)  |    Name
   33:  **             ----------------------------------------------------
   34:  **                       23            |  PTB1_AD1
   35:  **             ----------------------------------------------------
   36:  **
   37:  **         Port name                   : PTB
   38:  **
   39:  **         Bit number (in port)        : 1
   40:  **         Bit mask of the port        : 2
   41:  **
   42:  **         Initial direction           : Output (direction cannot be changed)
   43:  **         Initial output value        : 1
   44:  **         Initial pull option         : off
   45:  **
   46:  **         Port data register          : PTB       [1]
   47:  **         Port control register       : DDRB      [5]
   48:  **
   49:  **         Optimization for            : speed
   50:  **
   51:  **     Contents  :
   52:  **
   53:  **         GetVal - bool OSD_LD_GetVal(void);
   54:  **         PutVal - void OSD_LD_PutVal(bool Output);
   55:  **         ClrVal - void OSD_LD_ClrVal(void);
   56:  **         SetVal - void OSD_LD_SetVal(void);
   57:  **
   58:  **
   59:  **     (c) Copyright UNIS, spol. s r.o. 1997-2002
   60:  **
   61:  **     UNIS, spol. s r.o.
   62:  **     Jundrovska 33
   63:  **     624 00 Brno
   64:  **     Czech Republic
   65:  **
   66:  **     http      : www.processorexpert.com
   67:  **     mail      : info@processorexpert.com
   68:  **
   69:  ** ###################################################################
   70:  */
   71:  
   72:  #include "OSD_LD.h"
   73:  
   74:  /*Include shared modules, which are used for whole project*/
   75:  #include "PE_Types.h"
   76:  #include "PE_Error.h"
   77:  #include "PE_Const.h"
   78:  #include "IO_Map.h"
   79:  #include "Cpu.h"
   80:  
   81:  /*
   82:  ** ===================================================================
   83:  **     Method      :  OSD_LD_GetVal (bean BitIO)
   84:  **
   85:  **     Description :
   86:  **         This method returns an input value.
   87:  **           a) direction = Input  : reads the input value from the
   88:  **                                   pin and returns it
   89:  **           b) direction = Output : returns the last written value
   90:  **         Note: This bean is set to work in Output direction only.
   91:  **     Parameters  : None
   92:  **     Returns     :
   93:  **         ---        - Input value (FALSE or TRUE)
   94:  **                      FALSE = "0" or "Low", TRUE = "1" or "High"
   95:  ** ===================================================================
   96:  */
   97:  /*
   98:  bool OSD_LD_GetVal(void)
   99:  
  100:  **  This method is implemented as a macro. See OSD_LD.h file.  **
  101:  
  102:  */
  103:  
  104:  /*
  105:  ** ===================================================================
  106:  **     Method      :  OSD_LD_PutVal (bean BitIO)
  107:  **
  108:  **     Description :
  109:  **         This method writes the new output value.
  110:  **     Parameters  :
  111:  **         NAME       - DESCRIPTION
  112:  **         Value      - Output value (FALSE or TRUE)
  113:  **                      FALSE = "0" or "Low", TRUE = "1" or "High"
  114:  **     Returns     : Nothing
  115:  ** ===================================================================
  116:  */
  117:  void OSD_LD_PutVal(byte Value)
  118:  {

Function: OSD_LD_PutVal
Source  : Z:\itext\itext_gp32\Code\OSD_LD.C
Options : -Env"GENPATH=Z:\itext\itext_gp32;Z:\itext\itext_gp32\bin;Z:\itext\itext_gp32\prm;Z:\itext\itext_gp32\cmd;Z:\itext\itext_gp32\Sources;D:\Archivos de programa\Metrowerks\CodeWarrior CW08_V3.0\lib\HC08c\LIB;D:\Archivos de programa\Metrowerks\CodeWarrior CW08_V3.0\lib\HC08c\SRC;Z:\itext\itext_gp32\Code;Z:\itext\itext_gp32\doc;D:\Archivos de programa\Metrowerks\CodeWarrior CW08_V3.0\lib\hc08c\include;D:\Archivos de programa\Metrowerks\CodeWarrior CW08_V3.0\Bin\Plugins\support\ProcessorExpert\PESL\HC08;D:\Archivos de programa\Metrowerks\CodeWarrior CW08_V3.0\Bin\Plugins\support\ProcessorExpert;D:\Archivos de programa\Metrowerks\CodeWarrior CW08_V3.0\lib\HC08c\INCLUDE" -Env"LIBPATH=D:\Archivos de programa\Metrowerks\CodeWarrior CW08_V3.0\lib\HC08c\INCLUDE" -EnvOBJPATH=Z:\itext\itext_gp32\bin -EnvTEXTPATH=Z:\itext\itext_gp32\bin -Lasm=%n.lst -Ms -ObjN=Z:\itext\itext_gp32\itext-gp32_Data\P&E_FCS\ObjectCode\OSD_LD.C.o -WmsgSd1106

  0000 87               PSHA  
  119:    if (Value) {                         /* Is it one to be written? */
  0001 95               TSX   
  0002 7d               TST   ,X
  0003 2704             BEQ   L9 ;abs = 0009
  120:      PTB |= 2;                          /* Set bit on port */
  0005 1200             BSET  1,_PTB
  121:    }
  122:    else {                               /* Is it zero to be written? */
  123:      PTB &= ~2;                         /* Clear bit on port */
  124:    }
  125:  }
  0007 8a               PULH  
  0008 81               RTS   
  0009          L9:     
  0009 1300             BCLR  1,_PTB
  000b 8a               PULH  
  000c 81               RTS   
  126:  
  127:  /*
  128:  ** ===================================================================
  129:  **     Method      :  OSD_LD_SetVal (bean BitIO)
  130:  **
  131:  **     Description :
  132:  **         This method sets (sets to one) the output value.
  133:  **     Parameters  : None
  134:  **     Returns     : Nothing
  135:  ** ===================================================================
  136:  */
  137:  /*
  138:  void OSD_LD_SetVal(void)
  139:  
  140:  **  This method is implemented as a macro. See OSD_LD.h file.  **
  141:  */
  142:  
  143:  /*
  144:  ** ===================================================================
  145:  **     Method      :  OSD_LD_ClrVal (bean BitIO)
  146:  **
  147:  **     Description :
  148:  **         This method clears (sets to zero) the output value.
  149:  **     Parameters  : None
  150:  **     Returns     : Nothing
  151:  ** ===================================================================
  152:  */
  153:  /*
  154:  void OSD_LD_ClrVal(void)
  155:  
  156:  **  This method is implemented as a macro. See OSD_LD.h file.  **
  157:  */
  158:  
  159:  /*
  160:  ** ###################################################################
  161:  **
  162:  **     This file was created by UNIS Processor Expert 03.23 for 
  163:  **     the Motorola HC08 series of microcontrollers.
  164:  **
  165:  ** ###################################################################
  166:  */
  167:  
