ANSI-C/cC++ Compiler for HC08 V-5.0.17, Apr 22 2003

    1:  /*
    2:  ** ###################################################################
    3:  **
    4:  **     Filename  : itext_gp32.C
    5:  **
    6:  **     Project   : itext_gp32
    7:  ** 
    8:  **     Processor : MC68HC908GP32CFB
    9:  **
   10:  **     Version   : Driver 01.04
   11:  **
   12:  **     Compiler  : Metrowerks HC08 C Compiler
   13:  **
   14:  **     Date/Time : 29/12/05, 9:18
   15:  **
   16:  **     Abstract  :
   17:  **
   18:  **         Main module. 
   19:  **         Here is to be placed user's code.
   20:  **
   21:  **     Settings  :
   22:  **
   23:  **
   24:  **     Contents  :
   25:  **
   26:  **         No public methods
   27:  **
   28:  **
   29:  **     (c) Copyright UNIS, spol. s r.o. 1997-2002
   30:  **
   31:  **     UNIS, spol. s r.o.
   32:  **     Jundrovska 33
   33:  **     624 00 Brno
   34:  **     Czech Republic
   35:  **
   36:  **     http      : www.processorexpert.com
   37:  **     mail      : info@processorexpert.com
   38:  **
   39:  ** ###################################################################
   40:  */
   41:  /* MODULE itext_gp32 */
   42:  
   43:  
   44:  /* Including used modules for compilling procedure */
   45:  #include "Cpu.h"
   46:  #include "Events.h"
   47:  #include "osd.h"
   48:  /* Include shared modules, which are used for whole project */
   49:  #include "PE_Types.h"
   50:  #include "PE_Error.h"
   51:  #include "PE_Const.h"
   52:  #include "IO_Map.h"
   53:  #include "delay.h"
   54:  #include <string.h>.
   55:  //                 ............................|...........................|......................
   56:  const char str[]={"ESTO ES UNA DEMOSTRACION DE UN TEXTO CON DESPLAZAMIENTO HACIA LA IZQUIERDA .... "};
   57:  char buff[29];
   58:  
   59:  void main(void)
   60:  {

Function: main
Source  : Z:\itext\itext_gp32\Code\itext_gp32.C
Options : -Env"GENPATH=Z:\itext\itext_gp32;Z:\itext\itext_gp32\bin;Z:\itext\itext_gp32\prm;Z:\itext\itext_gp32\cmd;Z:\itext\itext_gp32\Sources;D:\Archivos de programa\Metrowerks\CodeWarrior CW08_V3.0\lib\HC08c\LIB;D:\Archivos de programa\Metrowerks\CodeWarrior CW08_V3.0\lib\HC08c\SRC;Z:\itext\itext_gp32\Code;Z:\itext\itext_gp32\doc;D:\Archivos de programa\Metrowerks\CodeWarrior CW08_V3.0\lib\hc08c\include;D:\Archivos de programa\Metrowerks\CodeWarrior CW08_V3.0\Bin\Plugins\support\ProcessorExpert\PESL\HC08;D:\Archivos de programa\Metrowerks\CodeWarrior CW08_V3.0\Bin\Plugins\support\ProcessorExpert;D:\Archivos de programa\Metrowerks\CodeWarrior CW08_V3.0\lib\HC08c\INCLUDE" -Env"LIBPATH=D:\Archivos de programa\Metrowerks\CodeWarrior CW08_V3.0\lib\HC08c\INCLUDE" -EnvOBJPATH=Z:\itext\itext_gp32\bin -EnvTEXTPATH=Z:\itext\itext_gp32\bin -Lasm=%n.lst -Ms -ObjN=Z:\itext\itext_gp32\itext-gp32_Data\P&E_FCS\ObjectCode\itext_gp32.C.o -WmsgSd1106

   61:  	char n;
   62:  	char head=0;
   63:  	char tail=0;
   64:  	
   65:    /*** Processor Expert internal initialization. DON'T REMOVE THIS CODE!!! ***/
   66:    PE_low_level_init();
  0000 cd0000           JSR   PE_low_level_init
   67:    /*** End of Processor Expert internal initialization.                    ***/
   68:  		DDRD = 0xff;
  0003 6eff00           MOV   #-1,_DDRD
   69:  		DDRB = 0xfe;
  0006 6efe00           MOV   #-2,_DDRB
   70:  		OSD_CTRL_PORT |= BIT_OSD_CSU;
  0009 1200             BSET  1,_PTB
   71:  		OSD_SERIAL_PORT |=BIT_OSD_CLOCK;
  000b 1600             BSET  3,_PTD
   72:  		
   73:  		
   74:  		OSD_Reset();
  000d cd0000           JSR   OSD_Reset
   75:  		OSD_ScreenPos (20,30); // OSD_ScreenPos (6,2);
  0010 a614             LDA   #20
  0012 ae1e             LDX   #30
  0014 cd0000           JSR   OSD_ScreenPos
   76:  //		OSD_ScreenPos (20,40); // OSD_ScreenPos (6,2);
   77:  		OSD_CharMode (10);
  0017 a60a             LDA   #10
  0019 cd0000           JSR   OSD_CharMode
   78:  		OSD_FullMode (FALSE);
  001c 4f               CLRA  
  001d cd0000           JSR   OSD_FullMode
   79:  		OSD_VideoFullPageMode (FALSE);
  0020 4f               CLRA  
  0021 cd0000           JSR   OSD_VideoFullPageMode
   80:  
   81:  		OSD_TextPos (22,0);
  0024 a616             LDA   #22
  0026 5f               CLRX  
  0027 cd0000           JSR   OSD_TextPos
   82:  		OSD_PrintStr ("TV-L-T");
  002a a600             LDA   @"TV-L-T"
  002c ae00             LDX   @"TV-L-T":MSB
  002e cd0000           JSR   OSD_PrintStr
  0031          L31:    
   83:  /*	
   84:    	OSD_TextPos (0,10);
   85:    	OSD_PrintStr (str);	//Presentamos el texto durante 1 segundo antes de hacer
   86:    	delay_ms (255);			//desplazamiento
   87:    	delay_ms (255);
   88:    	delay_ms (255);
   89:    	delay_ms (255);
   90:    	
   91:  		head=0;
   92:  		while (TRUE)
   93:  		{		
   94:  		  	OSD_TextPos (0,10);
   95:  	
   96:  				tail=head;
   97:  				for (n=0;n<28;n++)
   98:  				{
   99:  					buff[n]=str[head++];
  100:  					if (head>strlen (str)-1)
  101:  					 head=0;
  102:  				}
  103:  				
  104:  				head=tail+1;
  105:  				if (head>strlen (str)) head=0;
  106:  				
  107:  				buff[29]=0;
  108:  		  	OSD_PrintStr (buff);
  109:  		  	delay_ms (50);
  110:  		}
  111:  
  112:  */
  113:  #ifndef PE_OS_OSEK_SUPPORT
  114:    for(;;){}
  0031 20fe             BRA   L31 ;abs = 0031
  115:  #else
  116:    StartOS(Mode);                       /* Jump to OSEKturbo OS startup */
  117:    /*DO NOT WRITE CODE BELOW THIS LINE*/
  118:  #endif PE_OS_OSEK_SUPPORT
  119:  }
  120:  
  121:  /* END itext_gp32 */
  122:  /*
  123:  ** ###################################################################
  124:  **
  125:  **     This file was created by UNIS Processor Expert 03.23 for 
  126:  **     the Motorola HC08 series of microcontrollers.
  127:  **
  128:  ** ###################################################################
  129:  */
  130:  
